
/usr/local/lib//libsimple-accumulator.so:     file format elf32-i386


Disassembly of section .init:

000004b4 <_init>:
 4b4:	53                   	push   %ebx
 4b5:	83 ec 08             	sub    $0x8,%esp
 4b8:	e8 43 00 00 00       	call   500 <__x86.get_pc_thunk.bx>
 4bd:	81 c3 43 1b 00 00    	add    $0x1b43,%ebx
 4c3:	8b 83 f4 ff ff ff    	mov    -0xc(%ebx),%eax
 4c9:	85 c0                	test   %eax,%eax
 4cb:	74 05                	je     4d2 <_init+0x1e>
 4cd:	e8 26 00 00 00       	call   4f8 <_init+0x44>
 4d2:	83 c4 08             	add    $0x8,%esp
 4d5:	5b                   	pop    %ebx
 4d6:	c3                   	ret    

Disassembly of section .plt:

000004e0 <.plt>:
 4e0:	ff b3 04 00 00 00    	pushl  0x4(%ebx)
 4e6:	ff a3 08 00 00 00    	jmp    *0x8(%ebx)
 4ec:	00 00                	add    %al,(%eax)
	...

Disassembly of section .plt.got:

000004f0 <.plt.got>:
 4f0:	ff a3 f0 ff ff ff    	jmp    *-0x10(%ebx)
 4f6:	66 90                	xchg   %ax,%ax
 4f8:	ff a3 f4 ff ff ff    	jmp    *-0xc(%ebx)
 4fe:	66 90                	xchg   %ax,%ax

Disassembly of section .text:

00000500 <__x86.get_pc_thunk.bx>:
 500:	8b 1c 24             	mov    (%esp),%ebx
 503:	c3                   	ret    
 504:	66 90                	xchg   %ax,%ax
 506:	66 90                	xchg   %ax,%ax
 508:	66 90                	xchg   %ax,%ax
 50a:	66 90                	xchg   %ax,%ax
 50c:	66 90                	xchg   %ax,%ax
 50e:	66 90                	xchg   %ax,%ax

00000510 <deregister_tm_clones>:
 510:	e8 17 01 00 00       	call   62c <__x86.get_pc_thunk.dx>
 515:	81 c2 eb 1a 00 00    	add    $0x1aeb,%edx
 51b:	8d 8a 10 00 00 00    	lea    0x10(%edx),%ecx
 521:	8d 82 13 00 00 00    	lea    0x13(%edx),%eax
 527:	29 c8                	sub    %ecx,%eax
 529:	83 f8 06             	cmp    $0x6,%eax
 52c:	76 17                	jbe    545 <deregister_tm_clones+0x35>
 52e:	8b 82 ec ff ff ff    	mov    -0x14(%edx),%eax
 534:	85 c0                	test   %eax,%eax
 536:	74 0d                	je     545 <deregister_tm_clones+0x35>
 538:	55                   	push   %ebp
 539:	89 e5                	mov    %esp,%ebp
 53b:	83 ec 14             	sub    $0x14,%esp
 53e:	51                   	push   %ecx
 53f:	ff d0                	call   *%eax
 541:	83 c4 10             	add    $0x10,%esp
 544:	c9                   	leave  
 545:	f3 c3                	repz ret 
 547:	89 f6                	mov    %esi,%esi
 549:	8d bc 27 00 00 00 00 	lea    0x0(%edi,%eiz,1),%edi

00000550 <register_tm_clones>:
 550:	e8 d7 00 00 00       	call   62c <__x86.get_pc_thunk.dx>
 555:	81 c2 ab 1a 00 00    	add    $0x1aab,%edx
 55b:	55                   	push   %ebp
 55c:	8d 8a 10 00 00 00    	lea    0x10(%edx),%ecx
 562:	8d 82 10 00 00 00    	lea    0x10(%edx),%eax
 568:	89 e5                	mov    %esp,%ebp
 56a:	53                   	push   %ebx
 56b:	29 c8                	sub    %ecx,%eax
 56d:	c1 f8 02             	sar    $0x2,%eax
 570:	83 ec 04             	sub    $0x4,%esp
 573:	89 c3                	mov    %eax,%ebx
 575:	c1 eb 1f             	shr    $0x1f,%ebx
 578:	01 d8                	add    %ebx,%eax
 57a:	d1 f8                	sar    %eax
 57c:	74 14                	je     592 <register_tm_clones+0x42>
 57e:	8b 92 fc ff ff ff    	mov    -0x4(%edx),%edx
 584:	85 d2                	test   %edx,%edx
 586:	74 0a                	je     592 <register_tm_clones+0x42>
 588:	83 ec 08             	sub    $0x8,%esp
 58b:	50                   	push   %eax
 58c:	51                   	push   %ecx
 58d:	ff d2                	call   *%edx
 58f:	83 c4 10             	add    $0x10,%esp
 592:	8b 5d fc             	mov    -0x4(%ebp),%ebx
 595:	c9                   	leave  
 596:	c3                   	ret    
 597:	89 f6                	mov    %esi,%esi
 599:	8d bc 27 00 00 00 00 	lea    0x0(%edi,%eiz,1),%edi

000005a0 <__do_global_dtors_aux>:
 5a0:	55                   	push   %ebp
 5a1:	89 e5                	mov    %esp,%ebp
 5a3:	53                   	push   %ebx
 5a4:	e8 57 ff ff ff       	call   500 <__x86.get_pc_thunk.bx>
 5a9:	81 c3 57 1a 00 00    	add    $0x1a57,%ebx
 5af:	83 ec 04             	sub    $0x4,%esp
 5b2:	80 bb 20 00 00 00 00 	cmpb   $0x0,0x20(%ebx)
 5b9:	75 27                	jne    5e2 <__do_global_dtors_aux+0x42>
 5bb:	8b 83 f0 ff ff ff    	mov    -0x10(%ebx),%eax
 5c1:	85 c0                	test   %eax,%eax
 5c3:	74 11                	je     5d6 <__do_global_dtors_aux+0x36>
 5c5:	83 ec 0c             	sub    $0xc,%esp
 5c8:	ff b3 0c 00 00 00    	pushl  0xc(%ebx)
 5ce:	e8 1d ff ff ff       	call   4f0 <_init+0x3c>
 5d3:	83 c4 10             	add    $0x10,%esp
 5d6:	e8 35 ff ff ff       	call   510 <deregister_tm_clones>
 5db:	c6 83 20 00 00 00 01 	movb   $0x1,0x20(%ebx)
 5e2:	8b 5d fc             	mov    -0x4(%ebp),%ebx
 5e5:	c9                   	leave  
 5e6:	c3                   	ret    
 5e7:	89 f6                	mov    %esi,%esi
 5e9:	8d bc 27 00 00 00 00 	lea    0x0(%edi,%eiz,1),%edi

000005f0 <frame_dummy>:
 5f0:	e8 37 00 00 00       	call   62c <__x86.get_pc_thunk.dx>
 5f5:	81 c2 0b 1a 00 00    	add    $0x1a0b,%edx
 5fb:	8d 82 10 ff ff ff    	lea    -0xf0(%edx),%eax
 601:	8b 08                	mov    (%eax),%ecx
 603:	85 c9                	test   %ecx,%ecx
 605:	75 09                	jne    610 <frame_dummy+0x20>
 607:	e9 44 ff ff ff       	jmp    550 <register_tm_clones>
 60c:	8d 74 26 00          	lea    0x0(%esi,%eiz,1),%esi
 610:	8b 92 f8 ff ff ff    	mov    -0x8(%edx),%edx
 616:	85 d2                	test   %edx,%edx
 618:	74 ed                	je     607 <frame_dummy+0x17>
 61a:	55                   	push   %ebp
 61b:	89 e5                	mov    %esp,%ebp
 61d:	83 ec 14             	sub    $0x14,%esp
 620:	50                   	push   %eax
 621:	ff d2                	call   *%edx
 623:	83 c4 10             	add    $0x10,%esp
 626:	c9                   	leave  
 627:	e9 24 ff ff ff       	jmp    550 <register_tm_clones>

0000062c <__x86.get_pc_thunk.dx>:
 62c:	8b 14 24             	mov    (%esp),%edx
 62f:	c3                   	ret    

00000630 <print_payload>:
 630:	56                   	push   %esi
 631:	53                   	push   %ebx
 632:	83 ec 04             	sub    $0x4,%esp
 635:	8b 5c 24 10          	mov    0x10(%esp),%ebx
 639:	8d b3 80 00 00 00    	lea    0x80(%ebx),%esi
 63f:	90                   	nop
 640:	0f b6 03             	movzbl (%ebx),%eax
 643:	83 ec 04             	sub    $0x4,%esp
 646:	83 c3 01             	add    $0x1,%ebx
 649:	50                   	push   %eax
 64a:	68 e8 06 00 00       	push   $0x6e8
 64f:	6a 01                	push   $0x1
 651:	e8 fc ff ff ff       	call   652 <print_payload+0x22>
 656:	83 c4 10             	add    $0x10,%esp
 659:	39 f3                	cmp    %esi,%ebx
 65b:	75 e3                	jne    640 <print_payload+0x10>
 65d:	c7 44 24 10 0a 00 00 	movl   $0xa,0x10(%esp)
 664:	00 
 665:	83 c4 04             	add    $0x4,%esp
 668:	5b                   	pop    %ebx
 669:	5e                   	pop    %esi
 66a:	e9 fc ff ff ff       	jmp    66b <print_payload+0x3b>
 66f:	90                   	nop

00000670 <test_simple>:
 670:	56                   	push   %esi
 671:	53                   	push   %ebx
 672:	83 ec 04             	sub    $0x4,%esp
 675:	8b 5c 24 10          	mov    0x10(%esp),%ebx
 679:	8d b3 80 00 00 00    	lea    0x80(%ebx),%esi
 67f:	90                   	nop
 680:	0f b6 03             	movzbl (%ebx),%eax
 683:	83 ec 04             	sub    $0x4,%esp
 686:	83 c3 01             	add    $0x1,%ebx
 689:	50                   	push   %eax
 68a:	68 e8 06 00 00       	push   $0x6e8
 68f:	6a 01                	push   $0x1
 691:	e8 fc ff ff ff       	call   692 <test_simple+0x22>
 696:	83 c4 10             	add    $0x10,%esp
 699:	39 f3                	cmp    %esi,%ebx
 69b:	75 e3                	jne    680 <test_simple+0x10>
 69d:	c7 44 24 10 0a 00 00 	movl   $0xa,0x10(%esp)
 6a4:	00 
 6a5:	83 c4 04             	add    $0x4,%esp
 6a8:	5b                   	pop    %ebx
 6a9:	5e                   	pop    %esi
 6aa:	e9 fc ff ff ff       	jmp    6ab <test_simple+0x3b>

000006af <Payload>:
 6af:	55                   	push   %ebp
 6b0:	89 e5                	mov    %esp,%ebp
 6b2:	83 ec 08             	sub    $0x8,%esp
 6b5:	83 ec 0c             	sub    $0xc,%esp
 6b8:	68 00 00 00 00       	push   $0x0
 6bd:	e8 fc ff ff ff       	call   6be <Payload+0xf>
 6c2:	83 c4 10             	add    $0x10,%esp
 6c5:	b8 00 00 00 00       	mov    $0x0,%eax
 6ca:	c9                   	leave  
 6cb:	c3                   	ret    

000006cc <_Z6somainv>:
 6cc:	55                   	push   %ebp
 6cd:	89 e5                	mov    %esp,%ebp
 6cf:	90                   	nop
 6d0:	5d                   	pop    %ebp
 6d1:	c3                   	ret    

Disassembly of section .fini:

000006d4 <_fini>:
 6d4:	53                   	push   %ebx
 6d5:	83 ec 08             	sub    $0x8,%esp
 6d8:	e8 23 fe ff ff       	call   500 <__x86.get_pc_thunk.bx>
 6dd:	81 c3 23 19 00 00    	add    $0x1923,%ebx
 6e3:	83 c4 08             	add    $0x8,%esp
 6e6:	5b                   	pop    %ebx
 6e7:	c3                   	ret    
