Looking for git in: git
Using git 2.7.4 from git
> git rev-parse --show-toplevel
> git config --get commit.template
Open repository: /home/ceachi/testtools/simpletracer
> git status -z -u
> git symbolic-ref --short HEAD
> git rev-parse execution-Z3
> git rev-parse --symbolic-full-name execution-Z3@{u}
> git rev-list --left-right execution-Z3...refs/remotes/origin/execution-Z3
> git for-each-ref --format %(refname) %(objectname) --sort -committerdate
> git remote --verbose
> git show :experiments/testingExecution/ConcolicExecutor.cpp
> git check-ignore -z --stdin
> git rev-parse --show-toplevel
> git config --get commit.template
Open repository: /home/ceachi/testtools/river.format
> git status -z -u
> git symbolic-ref --short HEAD
> git rev-parse master
> git rev-parse --symbolic-full-name master@{u}
> git rev-list --left-right master...refs/remotes/origin/master
> git for-each-ref --format %(refname) %(objectname) --sort -committerdate
> git remote --verbose
> git check-ignore -z --stdin
> git status -z -u
> git symbolic-ref --short HEAD
> git rev-parse execution-Z3
> git rev-parse --symbolic-full-name execution-Z3@{u}
> git rev-list --left-right execution-Z3...refs/remotes/origin/execution-Z3
> git for-each-ref --format %(refname) %(objectname) --sort -committerdate
> git remote --verbose
> git rev-parse --show-toplevel
> git show :experiments/testingExecution/main.cpp
> git status -z -u
> git symbolic-ref --short HEAD
> git rev-parse execution-Z3
> git rev-parse --symbolic-full-name execution-Z3@{u}
> git rev-list --left-right execution-Z3...refs/remotes/origin/execution-Z3
> git for-each-ref --format %(refname) %(objectname) --sort -committerdate
> git remote --verbose
> git rev-parse --show-toplevel
> git show :experiments/testingExecution/FileHandling.cpp
> git status -z -u
> git symbolic-ref --short HEAD
> git rev-parse execution-Z3
> git rev-parse --symbolic-full-name execution-Z3@{u}
> git rev-list --left-right execution-Z3...refs/remotes/origin/execution-Z3
> git for-each-ref --format %(refname) %(objectname) --sort -committerdate
> git remote --verbose
> git rev-parse --show-toplevel
