[2019-06-12 15:32:13.219] [sharedprocess] [info] main {"machineId":"101469f2f65e235ea96d1e02d38b5b3259609b9ff837dddba407c8aad28e028b"}
[2019-06-12 15:32:13.676] [sharedprocess] [info] Scanned user extensions: 3
[2019-06-12 15:32:13.795] [sharedprocess] [info] Scanned system extensions: 72
[2019-06-12 15:32:15.466] [sharedprocess] [info] Scanned user extensions: 3
[2019-06-12 15:32:15.473] [sharedprocess] [info] Scanned user extensions: 3
[2019-06-12 15:32:15.618] [sharedprocess] [info] Scanned system extensions: 72
[2019-06-12 15:32:15.629] [sharedprocess] [info] Scanned system extensions: 72
[2019-06-12 15:32:16.849] [sharedprocess] [info] Scanned user extensions: 3
[2019-06-12 15:32:17.676] [sharedprocess] [info] Installing extension: formulahendry.code-runner
[2019-06-12 15:32:17.695] [sharedprocess] [info] Scanned user extensions: 3
[2019-06-12 15:32:18.526] [sharedprocess] [info] Downloaded extension: formulahendry.code-runner /tmp/05b90b7e-ec5e-4eec-b7f9-f453695d1841
[2019-06-12 15:32:19.437] [sharedprocess] [info] Extracted extension to /root/.vscode/extensions/.formulahendry.code-runner-0.9.10: formulahendry.code-runner
[2019-06-12 15:32:19.438] [sharedprocess] [info] Renamed to /root/.vscode/extensions/formulahendry.code-runner-0.9.10
[2019-06-12 15:32:19.441] [sharedprocess] [info] Installation completed. formulahendry.code-runner
[2019-06-12 15:32:19.478] [sharedprocess] [info] Extensions installed successfully: formulahendry.code-runner
[2019-06-12 15:32:37.368] [sharedprocess] [info] Scanned user extensions: 3
[2019-06-12 15:32:37.432] [sharedprocess] [info] Scanned user extensions: 3
[2019-06-12 15:32:37.530] [sharedprocess] [info] Scanned system extensions: 72
[2019-06-12 15:32:37.541] [sharedprocess] [info] Scanned system extensions: 72
[2019-06-12 15:32:39.492] [sharedprocess] [info] Scanned user extensions: 3
[2019-06-12 15:32:51.356] [sharedprocess] [info] Scanned user extensions: 3
[2019-06-12 15:32:51.456] [sharedprocess] [info] Scanned system extensions: 72
[2019-06-12 15:32:53.236] [sharedprocess] [info] Starting to clean up unused language packs.
[2019-06-12 15:37:39.698] [sharedprocess] [info] Scanned user extensions: 3
[2019-06-12 15:42:40.030] [sharedprocess] [info] Scanned user extensions: 3
[2019-06-12 15:47:40.157] [sharedprocess] [info] Scanned user extensions: 3
[2019-06-12 15:52:40.188] [sharedprocess] [info] Scanned user extensions: 3
[2019-06-12 15:57:40.304] [sharedprocess] [info] Scanned user extensions: 3
[2019-06-12 16:00:33.413] [sharedprocess] [info] Scanned user extensions: 3
[2019-06-12 16:00:33.447] [sharedprocess] [info] Scanned system extensions: 72
[2019-06-12 16:02:40.698] [sharedprocess] [info] Scanned user extensions: 3
[2019-06-12 16:03:34.801] [sharedprocess] [info] Scanned user extensions: 3
[2019-06-12 16:03:34.873] [sharedprocess] [info] Scanned user extensions: 3
[2019-06-12 16:03:34.936] [sharedprocess] [info] Scanned system extensions: 72
[2019-06-12 16:03:34.952] [sharedprocess] [info] Scanned system extensions: 72
[2019-06-12 16:03:36.833] [sharedprocess] [info] Scanned user extensions: 3
[2019-06-12 16:03:47.331] [sharedprocess] [info] Scanned user extensions: 3
[2019-06-12 16:03:47.334] [sharedprocess] [info] Scanned system extensions: 72
[2019-06-12 16:06:09.055] [sharedprocess] [info] Scanned user extensions: 3
[2019-06-12 16:06:09.113] [sharedprocess] [info] Scanned system extensions: 72
[2019-06-12 16:06:22.053] [sharedprocess] [info] Scanned system extensions: 72
[2019-06-12 16:06:22.174] [sharedprocess] [info] Scanned user extensions: 3
[2019-06-12 16:06:22.558] [sharedprocess] [info] Scanned user extensions: 3
[2019-06-12 16:06:22.593] [sharedprocess] [info] Scanned system extensions: 72
[2019-06-12 16:06:24.737] [sharedprocess] [info] Scanned user extensions: 3
[2019-06-12 16:06:50.948] [sharedprocess] [info] Scanned user extensions: 3
[2019-06-12 16:06:50.998] [sharedprocess] [info] Scanned system extensions: 72
[2019-06-12 16:06:51.210] [sharedprocess] [info] Scanned user extensions: 3
[2019-06-12 16:06:51.310] [sharedprocess] [info] Scanned system extensions: 72
[2019-06-12 16:06:53.770] [sharedprocess] [info] Scanned user extensions: 3
[2019-06-12 16:10:18.215] [sharedprocess] [info] Scanned user extensions: 3
[2019-06-12 16:10:18.224] [sharedprocess] [info] Scanned system extensions: 72
[2019-06-12 16:10:18.747] [sharedprocess] [info] Scanned user extensions: 3
[2019-06-12 16:10:18.805] [sharedprocess] [info] Scanned system extensions: 72
[2019-06-12 16:10:20.890] [sharedprocess] [info] Scanned user extensions: 3
[2019-06-12 16:11:22.520] [sharedprocess] [info] Scanned user extensions: 3
[2019-06-12 16:11:22.568] [sharedprocess] [info] Scanned system extensions: 72
[2019-06-12 16:11:22.894] [sharedprocess] [info] Scanned user extensions: 3
[2019-06-12 16:11:22.942] [sharedprocess] [info] Scanned system extensions: 72
[2019-06-12 16:11:25.938] [sharedprocess] [info] Scanned user extensions: 3
[2019-06-12 16:12:16.783] [sharedprocess] [info] Scanned user extensions: 3
[2019-06-12 16:12:16.832] [sharedprocess] [info] Scanned system extensions: 72
[2019-06-12 16:12:17.194] [sharedprocess] [info] Scanned user extensions: 3
[2019-06-12 16:12:17.281] [sharedprocess] [info] Scanned system extensions: 72
[2019-06-12 16:12:19.473] [sharedprocess] [info] Scanned user extensions: 3
[2019-06-12 16:13:16.700] [sharedprocess] [info] Scanned user extensions: 3
[2019-06-12 16:13:16.713] [sharedprocess] [info] Scanned system extensions: 72
[2019-06-12 16:13:17.185] [sharedprocess] [info] Scanned user extensions: 3
[2019-06-12 16:13:17.212] [sharedprocess] [info] Scanned system extensions: 72
[2019-06-12 16:13:19.821] [sharedprocess] [info] Scanned user extensions: 3
[2019-06-12 16:18:21.561] [sharedprocess] [info] Scanned user extensions: 3
[2019-06-12 16:23:23.251] [sharedprocess] [info] Scanned user extensions: 3
[2019-06-12 16:28:24.907] [sharedprocess] [info] Scanned user extensions: 3
[2019-06-12 16:29:51.849] [sharedprocess] [info] Scanned system extensions: 72
[2019-06-12 16:29:51.888] [sharedprocess] [info] Scanned user extensions: 3
[2019-06-12 16:33:24.939] [sharedprocess] [info] Scanned user extensions: 3
[2019-06-12 16:38:25.136] [sharedprocess] [info] Scanned user extensions: 3
[2019-06-12 16:43:25.256] [sharedprocess] [info] Scanned user extensions: 3
[2019-06-12 16:46:53.495] [sharedprocess] [info] Scanned user extensions: 3
[2019-06-12 16:46:53.524] [sharedprocess] [info] Scanned system extensions: 72
[2019-06-12 16:46:54.034] [sharedprocess] [info] Scanned user extensions: 3
[2019-06-12 16:46:54.085] [sharedprocess] [info] Scanned system extensions: 72
[2019-06-12 16:46:56.518] [sharedprocess] [info] Scanned user extensions: 3
[2019-06-12 16:49:05.801] [sharedprocess] [info] Scanned system extensions: 72
[2019-06-12 16:49:05.877] [sharedprocess] [info] Scanned user extensions: 3
[2019-06-12 16:49:06.440] [sharedprocess] [info] Scanned user extensions: 3
[2019-06-12 16:49:06.504] [sharedprocess] [info] Scanned system extensions: 72
[2019-06-12 16:49:09.461] [sharedprocess] [info] Scanned user extensions: 3
[2019-06-12 16:54:09.652] [sharedprocess] [info] Scanned user extensions: 3
[2019-06-12 16:54:45.248] [sharedprocess] [info] Scanned system extensions: 72
[2019-06-12 16:54:45.268] [sharedprocess] [info] Scanned user extensions: 3
[2019-06-12 16:54:45.501] [sharedprocess] [info] Scanned user extensions: 3
[2019-06-12 16:54:45.545] [sharedprocess] [info] Scanned system extensions: 72
[2019-06-12 16:54:49.590] [sharedprocess] [info] Scanned user extensions: 3
[2019-06-12 16:59:49.807] [sharedprocess] [info] Scanned user extensions: 3
[2019-06-12 17:04:02.754] [sharedprocess] [info] Scanned user extensions: 3
[2019-06-12 17:04:02.775] [sharedprocess] [info] Scanned system extensions: 72
[2019-06-12 17:04:03.377] [sharedprocess] [info] Scanned system extensions: 72
[2019-06-12 17:04:03.406] [sharedprocess] [info] Scanned user extensions: 3
[2019-06-12 17:04:05.845] [sharedprocess] [info] Scanned user extensions: 3
[2019-06-12 17:07:01.431] [sharedprocess] [info] Scanned user extensions: 3
[2019-06-12 17:07:01.473] [sharedprocess] [info] Scanned system extensions: 72
[2019-06-12 17:07:01.902] [sharedprocess] [info] Scanned user extensions: 3
[2019-06-12 17:07:01.949] [sharedprocess] [info] Scanned system extensions: 72
[2019-06-12 17:07:07.039] [sharedprocess] [info] Scanned user extensions: 3
[2019-06-12 17:08:09.691] [sharedprocess] [info] Scanned user extensions: 3
[2019-06-12 17:08:09.711] [sharedprocess] [info] Scanned system extensions: 72
[2019-06-12 17:12:07.097] [sharedprocess] [info] Scanned user extensions: 3
[2019-06-12 17:17:07.138] [sharedprocess] [info] Scanned user extensions: 3
[2019-06-12 17:22:08.831] [sharedprocess] [info] Scanned user extensions: 3
[2019-06-12 17:27:09.640] [sharedprocess] [info] Scanned user extensions: 3
[2019-06-12 17:32:10.968] [sharedprocess] [info] Scanned user extensions: 3
[2019-06-12 17:37:11.100] [sharedprocess] [info] Scanned user extensions: 3
[2019-06-12 17:38:23.056] [sharedprocess] [info] Scanned system extensions: 72
[2019-06-12 17:38:23.114] [sharedprocess] [info] Scanned user extensions: 3
[2019-06-12 17:38:23.469] [sharedprocess] [info] Scanned user extensions: 3
[2019-06-12 17:38:23.512] [sharedprocess] [info] Scanned system extensions: 72
[2019-06-12 17:38:25.802] [sharedprocess] [info] Scanned user extensions: 3
[2019-06-12 17:39:37.493] [sharedprocess] [info] Scanned system extensions: 72
[2019-06-12 17:39:37.542] [sharedprocess] [info] Scanned user extensions: 3
[2019-06-12 17:39:37.868] [sharedprocess] [info] Scanned user extensions: 3
[2019-06-12 17:39:37.929] [sharedprocess] [info] Scanned system extensions: 72
[2019-06-12 17:39:42.586] [sharedprocess] [info] Scanned user extensions: 3
[2019-06-12 17:44:42.855] [sharedprocess] [info] Scanned user extensions: 3
[2019-06-12 17:49:42.978] [sharedprocess] [info] Scanned user extensions: 3
[2019-06-12 17:54:43.022] [sharedprocess] [info] Scanned user extensions: 3
[2019-06-12 17:55:37.690] [sharedprocess] [info] Scanned system extensions: 72
[2019-06-12 17:55:37.725] [sharedprocess] [info] Scanned user extensions: 3
[2019-06-12 17:59:43.342] [sharedprocess] [info] Scanned user extensions: 3
